
E:\ExamMainTest\SummerExam\TheOxbridgeWebsite\node_modules\uws>if not defined npm_config_node_gyp (node "C:\Program Files (x86)\nodejs\node_modules\npm\node_modules\npm-lifecycle\node-gyp-bin\\..\..\node_modules\node-gyp\bin\node-gyp.js" rebuild )  else (node "C:\Program Files (x86)\nodejs\node_modules\npm\node_modules\node-gyp\bin\node-gyp.js" rebuild ) 
Die Projekte in dieser Projektmappe werden nacheinander erstellt. Um eine parallele Erstellung zu ermîglichen, mÅssen Sie den Schalter "/m" hinzufÅgen.
  Extensions.cpp
  Group.cpp
  Networking.cpp
  Hub.cpp
  Node.cpp
  WebSocket.cpp
  HTTPSocket.cpp
  Socket.cpp
  addon.cpp
  win_delay_load_hook.cc
e:\exammaintest\summerexam\theoxbridgewebsite\node_modules\uws\src\hub.cpp(175): warning C4530: C++-Handler verwendet, aber Entladesemantik ist nicht aktiviert. Geben Sie /EHsc an. [E:\ExamMainTest\SummerExam\TheOxbridgeWebsite\node_modules\uws\build\uws.vcxproj]
e:\exammaintest\summerexam\theoxbridgewebsite\node_modules\uws\src\addon.h(21): warning C4996: 'node::MakeCallback': wurde als veraltet deklariert (Quelldatei wird kompiliert ..\src\addon.cpp) [E:\ExamMainTest\SummerExam\TheOxbridgeWebsite\node_modules\uws\build\uws.vcxproj]
  c:\users\al\appdata\local\node-gyp\cache\14.16.1\include\node\node.h(190): note: Siehe Deklaration von "node::MakeCallback" (Quelldatei wird kompiliert ..\src\addon.cpp)
e:\exammaintest\summerexam\theoxbridgewebsite\node_modules\uws\src\addon.h(37): error C2664: "v8::String::Utf8Value::Utf8Value(const v8::String::Utf8Value &)" : Konvertierung von Argument 1 von "const v8::Local<v8::Value>" in "const v8::String::Utf8Value &" nicht mîglich (Quelldatei wird kompiliert ..\src\addon.cpp) [E:\ExamMainTest\SummerExam\TheOxbridgeWebsite\node_modules\uws\build\uws.vcxproj]
  e:\exammaintest\summerexam\theoxbridgewebsite\node_modules\uws\src\addon.h(37): note: Ursache: Konvertierung von "const v8::Local<v8::Value>" in "const v8::String::Utf8Value" nicht mîglich (Quelldatei wird kompiliert ..\src\addon.cpp)
  e:\exammaintest\summerexam\theoxbridgewebsite\node_modules\uws\src\addon.h(37): note: Kein benutzerdefinierter Konvertierungsoperator verfÅgbar, der diese Konvertierung durchfÅhren kann, oder der Operator kann nicht aufgerufen werden (Quelldatei wird kompiliert ..\src\addon.cpp)
e:\exammaintest\summerexam\theoxbridgewebsite\node_modules\uws\src\addon.h(45): warning C4996: 'v8::ArrayBuffer::GetContents': Use GetBackingStore. See http://crbug.com/v8/9908. (Quelldatei wird kompiliert ..\src\addon.cpp) [E:\ExamMainTest\SummerExam\TheOxbridgeWebsite\node_modules\uws\build\uws.vcxproj]
  c:\users\al\appdata\local\node-gyp\cache\14.16.1\include\node\v8.h(5273): note: Siehe Deklaration von "v8::ArrayBuffer::GetContents" (Quelldatei wird kompiliert ..\src\addon.cpp)
e:\exammaintest\summerexam\theoxbridgewebsite\node_modules\uws\src\addon.h(50): warning C4996: 'v8::ArrayBuffer::GetContents': Use GetBackingStore. See http://crbug.com/v8/9908. (Quelldatei wird kompiliert ..\src\addon.cpp) [E:\ExamMainTest\SummerExam\TheOxbridgeWebsite\node_modules\uws\build\uws.vcxproj]
  c:\users\al\appdata\local\node-gyp\cache\14.16.1\include\node\v8.h(5273): note: Siehe Deklaration von "v8::ArrayBuffer::GetContents" (Quelldatei wird kompiliert ..\src\addon.cpp)
e:\exammaintest\summerexam\theoxbridgewebsite\node_modules\uws\src\addon.h(102): error C2039: "kNormalString": Ist kein Element von "v8::String" (Quelldatei wird kompiliert ..\src\addon.cpp) [E:\ExamMainTest\SummerExam\TheOxbridgeWebsite\node_modules\uws\build\uws.vcxproj]
  c:\users\al\appdata\local\node-gyp\cache\14.16.1\include\node\v8.h(2958): note: Siehe Deklaration von "v8::String" (Quelldatei wird kompiliert ..\src\addon.cpp)
e:\exammaintest\summerexam\theoxbridgewebsite\node_modules\uws\src\addon.h(102): error C2065: "kNormalString": nichtdeklarierter Bezeichner (Quelldatei wird kompiliert ..\src\addon.cpp) [E:\ExamMainTest\SummerExam\TheOxbridgeWebsite\node_modules\uws\build\uws.vcxproj]
e:\exammaintest\summerexam\theoxbridgewebsite\node_modules\uws\src\addon.h(225): error C2660: "v8::Value::ToObject": Funktion akzeptiert keine 0 Argumente (Quelldatei wird kompiliert ..\src\addon.cpp) [E:\ExamMainTest\SummerExam\TheOxbridgeWebsite\node_modules\uws\build\uws.vcxproj]
  c:\users\al\appdata\local\node-gyp\cache\14.16.1\include\node\v8.h(2822): note: Siehe Deklaration von "v8::Value::ToObject" (Quelldatei wird kompiliert ..\src\addon.cpp)
e:\exammaintest\summerexam\theoxbridgewebsite\node_modules\uws\src\addon.h(227): error C2660: "v8::Value::IntegerValue": Funktion akzeptiert keine 0 Argumente (Quelldatei wird kompiliert ..\src\addon.cpp) [E:\ExamMainTest\SummerExam\TheOxbridgeWebsite\node_modules\uws\build\uws.vcxproj]
  c:\users\al\appdata\local\node-gyp\cache\14.16.1\include\node\v8.h(2863): note: Siehe Deklaration von "v8::Value::IntegerValue" (Quelldatei wird kompiliert ..\src\addon.cpp)
e:\exammaintest\summerexam\theoxbridgewebsite\node_modules\uws\src\addon.h(341): warning C4996: 'node::MakeCallback': wurde als veraltet deklariert (Quelldatei wird kompiliert ..\src\addon.cpp) [E:\ExamMainTest\SummerExam\TheOxbridgeWebsite\node_modules\uws\build\uws.vcxproj]
  c:\users\al\appdata\local\node-gyp\cache\14.16.1\include\node\node.h(190): note: Siehe Deklaration von "node::MakeCallback" (Quelldatei wird kompiliert ..\src\addon.cpp)
e:\exammaintest\summerexam\theoxbridgewebsite\node_modules\uws\src\addon.h(405): error C2660: "v8::Function::Call": Funktion akzeptiert keine 3 Argumente (Quelldatei wird kompiliert ..\src\addon.cpp) [E:\ExamMainTest\SummerExam\TheOxbridgeWebsite\node_modules\uws\build\uws.vcxproj]
  c:\users\al\appdata\local\node-gyp\cache\14.16.1\include\node\v8.h(4468): note: Siehe Deklaration von "v8::Function::Call" (Quelldatei wird kompiliert ..\src\addon.cpp)
e:\exammaintest\summerexam\theoxbridgewebsite\node_modules\uws\src\addon.h(418): error C2660: "v8::Value::IntegerValue": Funktion akzeptiert keine 0 Argumente (Quelldatei wird kompiliert ..\src\addon.cpp) [E:\ExamMainTest\SummerExam\TheOxbridgeWebsite\node_modules\uws\build\uws.vcxproj]
  c:\users\al\appdata\local\node-gyp\cache\14.16.1\include\node\v8.h(2863): note: Siehe Deklaration von "v8::Value::IntegerValue" (Quelldatei wird kompiliert ..\src\addon.cpp)
e:\exammaintest\summerexam\theoxbridgewebsite\node_modules\uws\src\addon.h(427): error C2660: "v8::Value::IntegerValue": Funktion akzeptiert keine 0 Argumente (Quelldatei wird kompiliert ..\src\addon.cpp) [E:\ExamMainTest\SummerExam\TheOxbridgeWebsite\node_modules\uws\build\uws.vcxproj]
  c:\users\al\appdata\local\node-gyp\cache\14.16.1\include\node\v8.h(2863): note: Siehe Deklaration von "v8::Value::IntegerValue" (Quelldatei wird kompiliert ..\src\addon.cpp)
e:\exammaintest\summerexam\theoxbridgewebsite\node_modules\uws\src\http.h(31): error C2039: "kNormalString": Ist kein Element von "v8::String" (Quelldatei wird kompiliert ..\src\addon.cpp) [E:\ExamMainTest\SummerExam\TheOxbridgeWebsite\node_modules\uws\build\uws.vcxproj]
  c:\users\al\appdata\local\node-gyp\cache\14.16.1\include\node\v8.h(2958): note: Siehe Deklaration von "v8::String" (Quelldatei wird kompiliert ..\src\addon.cpp)
e:\exammaintest\summerexam\theoxbridgewebsite\node_modules\uws\src\http.h(31): error C2065: "kNormalString": nichtdeklarierter Bezeichner (Quelldatei wird kompiliert ..\src\addon.cpp) [E:\ExamMainTest\SummerExam\TheOxbridgeWebsite\node_modules\uws\build\uws.vcxproj]
e:\exammaintest\summerexam\theoxbridgewebsite\node_modules\uws\src\http.h(45): error C2039: "kNormalString": Ist kein Element von "v8::String" (Quelldatei wird kompiliert ..\src\addon.cpp) [E:\ExamMainTest\SummerExam\TheOxbridgeWebsite\node_modules\uws\build\uws.vcxproj]
  c:\users\al\appdata\local\node-gyp\cache\14.16.1\include\node\v8.h(2958): note: Siehe Deklaration von "v8::String" (Quelldatei wird kompiliert ..\src\addon.cpp)
e:\exammaintest\summerexam\theoxbridgewebsite\node_modules\uws\src\http.h(45): error C2065: "kNormalString": nichtdeklarierter Bezeichner (Quelldatei wird kompiliert ..\src\addon.cpp) [E:\ExamMainTest\SummerExam\TheOxbridgeWebsite\node_modules\uws\build\uws.vcxproj]
e:\exammaintest\summerexam\theoxbridgewebsite\node_modules\uws\src\http.h(48): error C2039: "kNormalString": Ist kein Element von "v8::String" (Quelldatei wird kompiliert ..\src\addon.cpp) [E:\ExamMainTest\SummerExam\TheOxbridgeWebsite\node_modules\uws\build\uws.vcxproj]
  c:\users\al\appdata\local\node-gyp\cache\14.16.1\include\node\v8.h(2958): note: Siehe Deklaration von "v8::String" (Quelldatei wird kompiliert ..\src\addon.cpp)
e:\exammaintest\summerexam\theoxbridgewebsite\node_modules\uws\src\http.h(48): error C2065: "kNormalString": nichtdeklarierter Bezeichner (Quelldatei wird kompiliert ..\src\addon.cpp) [E:\ExamMainTest\SummerExam\TheOxbridgeWebsite\node_modules\uws\build\uws.vcxproj]
e:\exammaintest\summerexam\theoxbridgewebsite\node_modules\uws\src\http.h(51): error C2039: "kNormalString": Ist kein Element von "v8::String" (Quelldatei wird kompiliert ..\src\addon.cpp) [E:\ExamMainTest\SummerExam\TheOxbridgeWebsite\node_modules\uws\build\uws.vcxproj]
  c:\users\al\appdata\local\node-gyp\cache\14.16.1\include\node\v8.h(2958): note: Siehe Deklaration von "v8::String" (Quelldatei wird kompiliert ..\src\addon.cpp)
e:\exammaintest\summerexam\theoxbridgewebsite\node_modules\uws\src\http.h(51): error C2065: "kNormalString": nichtdeklarierter Bezeichner (Quelldatei wird kompiliert ..\src\addon.cpp) [E:\ExamMainTest\SummerExam\TheOxbridgeWebsite\node_modules\uws\build\uws.vcxproj]
e:\exammaintest\summerexam\theoxbridgewebsite\node_modules\uws\src\http.h(54): error C2039: "kNormalString": Ist kein Element von "v8::String" (Quelldatei wird kompiliert ..\src\addon.cpp) [E:\ExamMainTest\SummerExam\TheOxbridgeWebsite\node_modules\uws\build\uws.vcxproj]
  c:\users\al\appdata\local\node-gyp\cache\14.16.1\include\node\v8.h(2958): note: Siehe Deklaration von "v8::String" (Quelldatei wird kompiliert ..\src\addon.cpp)
e:\exammaintest\summerexam\theoxbridgewebsite\node_modules\uws\src\http.h(54): error C2065: "kNormalString": nichtdeklarierter Bezeichner (Quelldatei wird kompiliert ..\src\addon.cpp) [E:\ExamMainTest\SummerExam\TheOxbridgeWebsite\node_modules\uws\build\uws.vcxproj]
e:\exammaintest\summerexam\theoxbridgewebsite\node_modules\uws\src\http.h(57): error C2039: "kNormalString": Ist kein Element von "v8::String" (Quelldatei wird kompiliert ..\src\addon.cpp) [E:\ExamMainTest\SummerExam\TheOxbridgeWebsite\node_modules\uws\build\uws.vcxproj]
  c:\users\al\appdata\local\node-gyp\cache\14.16.1\include\node\v8.h(2958): note: Siehe Deklaration von "v8::String" (Quelldatei wird kompiliert ..\src\addon.cpp)
e:\exammaintest\summerexam\theoxbridgewebsite\node_modules\uws\src\http.h(57): error C2065: "kNormalString": nichtdeklarierter Bezeichner (Quelldatei wird kompiliert ..\src\addon.cpp) [E:\ExamMainTest\SummerExam\TheOxbridgeWebsite\node_modules\uws\build\uws.vcxproj]
e:\exammaintest\summerexam\theoxbridgewebsite\node_modules\uws\src\http.h(60): error C2039: "kNormalString": Ist kein Element von "v8::String" (Quelldatei wird kompiliert ..\src\addon.cpp) [E:\ExamMainTest\SummerExam\TheOxbridgeWebsite\node_modules\uws\build\uws.vcxproj]
  c:\users\al\appdata\local\node-gyp\cache\14.16.1\include\node\v8.h(2958): note: Siehe Deklaration von "v8::String" (Quelldatei wird kompiliert ..\src\addon.cpp)
e:\exammaintest\summerexam\theoxbridgewebsite\node_modules\uws\src\http.h(60): error C2065: "kNormalString": nichtdeklarierter Bezeichner (Quelldatei wird kompiliert ..\src\addon.cpp) [E:\ExamMainTest\SummerExam\TheOxbridgeWebsite\node_modules\uws\build\uws.vcxproj]
e:\exammaintest\summerexam\theoxbridgewebsite\node_modules\uws\src\http.h(63): error C2039: "kNormalString": Ist kein Element von "v8::String" (Quelldatei wird kompiliert ..\src\addon.cpp) [E:\ExamMainTest\SummerExam\TheOxbridgeWebsite\node_modules\uws\build\uws.vcxproj]
  c:\users\al\appdata\local\node-gyp\cache\14.16.1\include\node\v8.h(2958): note: Siehe Deklaration von "v8::String" (Quelldatei wird kompiliert ..\src\addon.cpp)
e:\exammaintest\summerexam\theoxbridgewebsite\node_modules\uws\src\http.h(63): error C2065: "kNormalString": nichtdeklarierter Bezeichner (Quelldatei wird kompiliert ..\src\addon.cpp) [E:\ExamMainTest\SummerExam\TheOxbridgeWebsite\node_modules\uws\build\uws.vcxproj]
e:\exammaintest\summerexam\theoxbridgewebsite\node_modules\uws\src\http.h(66): error C2039: "kNormalString": Ist kein Element von "v8::String" (Quelldatei wird kompiliert ..\src\addon.cpp) [E:\ExamMainTest\SummerExam\TheOxbridgeWebsite\node_modules\uws\build\uws.vcxproj]
  c:\users\al\appdata\local\node-gyp\cache\14.16.1\include\node\v8.h(2958): note: Siehe Deklaration von "v8::String" (Quelldatei wird kompiliert ..\src\addon.cpp)
e:\exammaintest\summerexam\theoxbridgewebsite\node_modules\uws\src\http.h(66): error C2065: "kNormalString": nichtdeklarierter Bezeichner (Quelldatei wird kompiliert ..\src\addon.cpp) [E:\ExamMainTest\SummerExam\TheOxbridgeWebsite\node_modules\uws\build\uws.vcxproj]
e:\exammaintest\summerexam\theoxbridgewebsite\node_modules\uws\src\http.h(69): error C2039: "kNormalString": Ist kein Element von "v8::String" (Quelldatei wird kompiliert ..\src\addon.cpp) [E:\ExamMainTest\SummerExam\TheOxbridgeWebsite\node_modules\uws\build\uws.vcxproj]
  c:\users\al\appdata\local\node-gyp\cache\14.16.1\include\node\v8.h(2958): note: Siehe Deklaration von "v8::String" (Quelldatei wird kompiliert ..\src\addon.cpp)
e:\exammaintest\summerexam\theoxbridgewebsite\node_modules\uws\src\http.h(69): error C2065: "kNormalString": nichtdeklarierter Bezeichner (Quelldatei wird kompiliert ..\src\addon.cpp) [E:\ExamMainTest\SummerExam\TheOxbridgeWebsite\node_modules\uws\build\uws.vcxproj]
e:\exammaintest\summerexam\theoxbridgewebsite\node_modules\uws\src\http.h(90): error C2664: "void v8::FunctionTemplate::SetClassName(v8::Local<v8::String>)" : Konvertierung von Argument 1 von "v8::MaybeLocal<v8::String>" in "v8::Local<v8::String>" nicht mîglich (Quelldatei wird kompiliert ..\src\addon.cpp) [E:\ExamMainTest\SummerExam\TheOxbridgeWebsite\node_modules\uws\build\uws.vcxproj]
  e:\exammaintest\summerexam\theoxbridgewebsite\node_modules\uws\src\http.h(90): note: Kein benutzerdefinierter Konvertierungsoperator verfÅgbar, der diese Konvertierung durchfÅhren kann, oder der Operator kann nicht aufgerufen werden (Quelldatei wird kompiliert ..\src\addon.cpp)
e:\exammaintest\summerexam\theoxbridgewebsite\node_modules\uws\src\http.h(92): error C2664: "void v8::ObjectTemplate::SetAccessor(v8::Local<v8::Name>,v8::AccessorNameGetterCallback,v8::AccessorNameSetterCallback,v8::Local<v8::Value>,v8::AccessControl,v8::PropertyAttribute,v8::Local<v8::AccessorSignature>,v8::SideEffectType,v8::SideEffectType)" : Konvertierung von Argument 1 von "v8::MaybeLocal<v8::String>" in "v8::Local<v8::String>" nicht mîglich (Quelldatei wird kompiliert ..\src\addon.cpp) [E:\ExamMainTest\SummerExam\TheOxbridgeWebsite\node_modules\uws\build\uws.vcxproj]
  e:\exammaintest\summerexam\theoxbridgewebsite\node_modules\uws\src\http.h(92): note: Kein benutzerdefinierter Konvertierungsoperator verfÅgbar, der diese Konvertierung durchfÅhren kann, oder der Operator kann nicht aufgerufen werden (Quelldatei wird kompiliert ..\src\addon.cpp)
e:\exammaintest\summerexam\theoxbridgewebsite\node_modules\uws\src\http.h(93): error C2664: "void v8::ObjectTemplate::SetAccessor(v8::Local<v8::Name>,v8::AccessorNameGetterCallback,v8::AccessorNameSetterCallback,v8::Local<v8::Value>,v8::AccessControl,v8::PropertyAttribute,v8::Local<v8::AccessorSignature>,v8::SideEffectType,v8::SideEffectType)" : Konvertierung von Argument 1 von "v8::MaybeLocal<v8::String>" in "v8::Local<v8::String>" nicht mîglich (Quelldatei wird kompiliert ..\src\addon.cpp) [E:\ExamMainTest\SummerExam\TheOxbridgeWebsite\node_modules\uws\build\uws.vcxproj]
  e:\exammaintest\summerexam\theoxbridgewebsite\node_modules\uws\src\http.h(93): note: Kein benutzerdefinierter Konvertierungsoperator verfÅgbar, der diese Konvertierung durchfÅhren kann, oder der Operator kann nicht aufgerufen werden (Quelldatei wird kompiliert ..\src\addon.cpp)
e:\exammaintest\summerexam\theoxbridgewebsite\node_modules\uws\src\http.h(94): error C2664: "void v8::Template::Set(v8::Isolate *,const char *,v8::Local<v8::Data>)" : Konvertierung von Argument 1 von "v8::MaybeLocal<v8::String>" in "v8::Local<v8::Name>" nicht mîglich (Quelldatei wird kompiliert ..\src\addon.cpp) [E:\ExamMainTest\SummerExam\TheOxbridgeWebsite\node_modules\uws\build\uws.vcxproj]
  e:\exammaintest\summerexam\theoxbridgewebsite\node_modules\uws\src\http.h(94): note: Kein benutzerdefinierter Konvertierungsoperator verfÅgbar, der diese Konvertierung durchfÅhren kann, oder der Operator kann nicht aufgerufen werden (Quelldatei wird kompiliert ..\src\addon.cpp)
e:\exammaintest\summerexam\theoxbridgewebsite\node_modules\uws\src\http.h(95): error C2664: "void v8::Template::Set(v8::Isolate *,const char *,v8::Local<v8::Data>)" : Konvertierung von Argument 1 von "v8::MaybeLocal<v8::String>" in "v8::Local<v8::Name>" nicht mîglich (Quelldatei wird kompiliert ..\src\addon.cpp) [E:\ExamMainTest\SummerExam\TheOxbridgeWebsite\node_modules\uws\build\uws.vcxproj]
  e:\exammaintest\summerexam\theoxbridgewebsite\node_modules\uws\src\http.h(95): note: Kein benutzerdefinierter Konvertierungsoperator verfÅgbar, der diese Konvertierung durchfÅhren kann, oder der Operator kann nicht aufgerufen werden (Quelldatei wird kompiliert ..\src\addon.cpp)
e:\exammaintest\summerexam\theoxbridgewebsite\node_modules\uws\src\http.h(96): error C2664: "void v8::Template::Set(v8::Isolate *,const char *,v8::Local<v8::Data>)" : Konvertierung von Argument 1 von "v8::MaybeLocal<v8::String>" in "v8::Local<v8::Name>" nicht mîglich (Quelldatei wird kompiliert ..\src\addon.cpp) [E:\ExamMainTest\SummerExam\TheOxbridgeWebsite\node_modules\uws\build\uws.vcxproj]
  e:\exammaintest\summerexam\theoxbridgewebsite\node_modules\uws\src\http.h(96): note: Kein benutzerdefinierter Konvertierungsoperator verfÅgbar, der diese Konvertierung durchfÅhren kann, oder der Operator kann nicht aufgerufen werden (Quelldatei wird kompiliert ..\src\addon.cpp)
e:\exammaintest\summerexam\theoxbridgewebsite\node_modules\uws\src\http.h(97): error C2664: "void v8::Template::Set(v8::Isolate *,const char *,v8::Local<v8::Data>)" : Konvertierung von Argument 1 von "v8::MaybeLocal<v8::String>" in "v8::Local<v8::Name>" nicht mîglich (Quelldatei wird kompiliert ..\src\addon.cpp) [E:\ExamMainTest\SummerExam\TheOxbridgeWebsite\node_modules\uws\build\uws.vcxproj]
  e:\exammaintest\summerexam\theoxbridgewebsite\node_modules\uws\src\http.h(97): note: Kein benutzerdefinierter Konvertierungsoperator verfÅgbar, der diese Konvertierung durchfÅhren kann, oder der Operator kann nicht aufgerufen werden (Quelldatei wird kompiliert ..\src\addon.cpp)
e:\exammaintest\summerexam\theoxbridgewebsite\node_modules\uws\src\http.h(99): error C2660: "v8::FunctionTemplate::GetFunction": Funktion akzeptiert keine 0 Argumente (Quelldatei wird kompiliert ..\src\addon.cpp) [E:\ExamMainTest\SummerExam\TheOxbridgeWebsite\node_modules\uws\build\uws.vcxproj]
  c:\users\al\appdata\local\node-gyp\cache\14.16.1\include\node\v8.h(6482): note: Siehe Deklaration von "v8::FunctionTemplate::GetFunction" (Quelldatei wird kompiliert ..\src\addon.cpp)
e:\exammaintest\summerexam\theoxbridgewebsite\node_modules\uws\src\http.h(102): error C2039: "SetNamedPropertyHandler": Ist kein Element von "v8::ObjectTemplate" (Quelldatei wird kompiliert ..\src\addon.cpp) [E:\ExamMainTest\SummerExam\TheOxbridgeWebsite\node_modules\uws\build\uws.vcxproj]
  c:\users\al\appdata\local\node-gyp\cache\14.16.1\include\node\v8.h(6754): note: Siehe Deklaration von "v8::ObjectTemplate" (Quelldatei wird kompiliert ..\src\addon.cpp)
e:\exammaintest\summerexam\theoxbridgewebsite\node_modules\uws\src\http.h(104): error C2660: "v8::ObjectTemplate::NewInstance": Funktion akzeptiert keine 0 Argumente (Quelldatei wird kompiliert ..\src\addon.cpp) [E:\ExamMainTest\SummerExam\TheOxbridgeWebsite\node_modules\uws\build\uws.vcxproj]
  c:\users\al\appdata\local\node-gyp\cache\14.16.1\include\node\v8.h(6762): note: Siehe Deklaration von "v8::ObjectTemplate::NewInstance" (Quelldatei wird kompiliert ..\src\addon.cpp)
e:\exammaintest\summerexam\theoxbridgewebsite\node_modules\uws\src\http.h(104): error C2661: "v8::Object::Set": Keine Åberladene Funktion akzeptiert 1 Argumente (Quelldatei wird kompiliert ..\src\addon.cpp) [E:\ExamMainTest\SummerExam\TheOxbridgeWebsite\node_modules\uws\build\uws.vcxproj]
e:\exammaintest\summerexam\theoxbridgewebsite\node_modules\uws\src\http.h(137): error C2660: "v8::Value::IntegerValue": Funktion akzeptiert keine 0 Argumente (Quelldatei wird kompiliert ..\src\addon.cpp) [E:\ExamMainTest\SummerExam\TheOxbridgeWebsite\node_modules\uws\build\uws.vcxproj]
  c:\users\al\appdata\local\node-gyp\cache\14.16.1\include\node\v8.h(2863): note: Siehe Deklaration von "v8::Value::IntegerValue" (Quelldatei wird kompiliert ..\src\addon.cpp)
e:\exammaintest\summerexam\theoxbridgewebsite\node_modules\uws\src\http.h(147): error C2660: "v8::Value::ToObject": Funktion akzeptiert keine 0 Argumente (Quelldatei wird kompiliert ..\src\addon.cpp) [E:\ExamMainTest\SummerExam\TheOxbridgeWebsite\node_modules\uws\build\uws.vcxproj]
  c:\users\al\appdata\local\node-gyp\cache\14.16.1\include\node\v8.h(2822): note: Siehe Deklaration von "v8::Value::ToObject" (Quelldatei wird kompiliert ..\src\addon.cpp)
e:\exammaintest\summerexam\theoxbridgewebsite\node_modules\uws\src\http.h(148): error C2661: "v8::Object::GetOwnPropertyNames": Keine Åberladene Funktion akzeptiert 0 Argumente (Quelldatei wird kompiliert ..\src\addon.cpp) [E:\ExamMainTest\SummerExam\TheOxbridgeWebsite\node_modules\uws\build\uws.vcxproj]
e:\exammaintest\summerexam\theoxbridgewebsite\node_modules\uws\src\http.h(149): warning C4018: "<": Konflikt zwischen "signed" und "unsigned" (Quelldatei wird kompiliert ..\src\addon.cpp) [E:\ExamMainTest\SummerExam\TheOxbridgeWebsite\node_modules\uws\build\uws.vcxproj]
e:\exammaintest\summerexam\theoxbridgewebsite\node_modules\uws\src\http.h(150): error C2661: "v8::Object::Get": Keine Åberladene Funktion akzeptiert 1 Argumente (Quelldatei wird kompiliert ..\src\addon.cpp) [E:\ExamMainTest\SummerExam\TheOxbridgeWebsite\node_modules\uws\build\uws.vcxproj]
e:\exammaintest\summerexam\theoxbridgewebsite\node_modules\uws\src\http.h(151): error C2661: "v8::Object::Get": Keine Åberladene Funktion akzeptiert 1 Argumente (Quelldatei wird kompiliert ..\src\addon.cpp) [E:\ExamMainTest\SummerExam\TheOxbridgeWebsite\node_modules\uws\build\uws.vcxproj]
e:\exammaintest\summerexam\theoxbridgewebsite\node_modules\uws\src\http.h(188): error C2664: "void v8::FunctionTemplate::SetClassName(v8::Local<v8::String>)" : Konvertierung von Argument 1 von "v8::MaybeLocal<v8::String>" in "v8::Local<v8::String>" nicht mîglich (Quelldatei wird kompiliert ..\src\addon.cpp) [E:\ExamMainTest\SummerExam\TheOxbridgeWebsite\node_modules\uws\build\uws.vcxproj]
  e:\exammaintest\summerexam\theoxbridgewebsite\node_modules\uws\src\http.h(188): note: Kein benutzerdefinierter Konvertierungsoperator verfÅgbar, der diese Konvertierung durchfÅhren kann, oder der Operator kann nicht aufgerufen werden (Quelldatei wird kompiliert ..\src\addon.cpp)
e:\exammaintest\summerexam\theoxbridgewebsite\node_modules\uws\src\http.h(190): error C2664: "void v8::Template::Set(v8::Isolate *,const char *,v8::Local<v8::Data>)" : Konvertierung von Argument 1 von "v8::MaybeLocal<v8::String>" in "v8::Local<v8::Name>" nicht mîglich (Quelldatei wird kompiliert ..\src\addon.cpp) [E:\ExamMainTest\SummerExam\TheOxbridgeWebsite\node_modules\uws\build\uws.vcxproj]
  e:\exammaintest\summerexam\theoxbridgewebsite\node_modules\uws\src\http.h(190): note: Kein benutzerdefinierter Konvertierungsoperator verfÅgbar, der diese Konvertierung durchfÅhren kann, oder der Operator kann nicht aufgerufen werden (Quelldatei wird kompiliert ..\src\addon.cpp)
e:\exammaintest\summerexam\theoxbridgewebsite\node_modules\uws\src\http.h(191): error C2664: "void v8::Template::Set(v8::Isolate *,const char *,v8::Local<v8::Data>)" : Konvertierung von Argument 1 von "v8::MaybeLocal<v8::String>" in "v8::Local<v8::Name>" nicht mîglich (Quelldatei wird kompiliert ..\src\addon.cpp) [E:\ExamMainTest\SummerExam\TheOxbridgeWebsite\node_modules\uws\build\uws.vcxproj]
  e:\exammaintest\summerexam\theoxbridgewebsite\node_modules\uws\src\http.h(191): note: Kein benutzerdefinierter Konvertierungsoperator verfÅgbar, der diese Konvertierung durchfÅhren kann, oder der Operator kann nicht aufgerufen werden (Quelldatei wird kompiliert ..\src\addon.cpp)
e:\exammaintest\summerexam\theoxbridgewebsite\node_modules\uws\src\http.h(192): error C2664: "void v8::Template::Set(v8::Isolate *,const char *,v8::Local<v8::Data>)" : Konvertierung von Argument 1 von "v8::MaybeLocal<v8::String>" in "v8::Local<v8::Name>" nicht mîglich (Quelldatei wird kompiliert ..\src\addon.cpp) [E:\ExamMainTest\SummerExam\TheOxbridgeWebsite\node_modules\uws\build\uws.vcxproj]
  e:\exammaintest\summerexam\theoxbridgewebsite\node_modules\uws\src\http.h(192): note: Kein benutzerdefinierter Konvertierungsoperator verfÅgbar, der diese Konvertierung durchfÅhren kann, oder der Operator kann nicht aufgerufen werden (Quelldatei wird kompiliert ..\src\addon.cpp)
e:\exammaintest\summerexam\theoxbridgewebsite\node_modules\uws\src\http.h(193): error C2664: "void v8::Template::Set(v8::Isolate *,const char *,v8::Local<v8::Data>)" : Konvertierung von Argument 1 von "v8::MaybeLocal<v8::String>" in "v8::Local<v8::Name>" nicht mîglich (Quelldatei wird kompiliert ..\src\addon.cpp) [E:\ExamMainTest\SummerExam\TheOxbridgeWebsite\node_modules\uws\build\uws.vcxproj]
  e:\exammaintest\summerexam\theoxbridgewebsite\node_modules\uws\src\http.h(193): note: Kein benutzerdefinierter Konvertierungsoperator verfÅgbar, der diese Konvertierung durchfÅhren kann, oder der Operator kann nicht aufgerufen werden (Quelldatei wird kompiliert ..\src\addon.cpp)
e:\exammaintest\summerexam\theoxbridgewebsite\node_modules\uws\src\http.h(194): error C2664: "void v8::Template::Set(v8::Isolate *,const char *,v8::Local<v8::Data>)" : Konvertierung von Argument 1 von "v8::MaybeLocal<v8::String>" in "v8::Local<v8::Name>" nicht mîglich (Quelldatei wird kompiliert ..\src\addon.cpp) [E:\ExamMainTest\SummerExam\TheOxbridgeWebsite\node_modules\uws\build\uws.vcxproj]
  e:\exammaintest\summerexam\theoxbridgewebsite\node_modules\uws\src\http.h(194): note: Kein benutzerdefinierter Konvertierungsoperator verfÅgbar, der diese Konvertierung durchfÅhren kann, oder der Operator kann nicht aufgerufen werden (Quelldatei wird kompiliert ..\src\addon.cpp)
e:\exammaintest\summerexam\theoxbridgewebsite\node_modules\uws\src\http.h(195): error C2664: "void v8::Template::Set(v8::Isolate *,const char *,v8::Local<v8::Data>)" : Konvertierung von Argument 1 von "v8::MaybeLocal<v8::String>" in "v8::Local<v8::Name>" nicht mîglich (Quelldatei wird kompiliert ..\src\addon.cpp) [E:\ExamMainTest\SummerExam\TheOxbridgeWebsite\node_modules\uws\build\uws.vcxproj]
  e:\exammaintest\summerexam\theoxbridgewebsite\node_modules\uws\src\http.h(195): note: Kein benutzerdefinierter Konvertierungsoperator verfÅgbar, der diese Konvertierung durchfÅhren kann, oder der Operator kann nicht aufgerufen werden (Quelldatei wird kompiliert ..\src\addon.cpp)
e:\exammaintest\summerexam\theoxbridgewebsite\node_modules\uws\src\http.h(196): error C2660: "v8::FunctionTemplate::GetFunction": Funktion akzeptiert keine 0 Argumente (Quelldatei wird kompiliert ..\src\addon.cpp) [E:\ExamMainTest\SummerExam\TheOxbridgeWebsite\node_modules\uws\build\uws.vcxproj]
  c:\users\al\appdata\local\node-gyp\cache\14.16.1\include\node\v8.h(6482): note: Siehe Deklaration von "v8::FunctionTemplate::GetFunction" (Quelldatei wird kompiliert ..\src\addon.cpp)
e:\exammaintest\summerexam\theoxbridgewebsite\node_modules\uws\src\http.h(227): error C2039: "kNormalString": Ist kein Element von "v8::String" (Quelldatei wird kompiliert ..\src\addon.cpp) [E:\ExamMainTest\SummerExam\TheOxbridgeWebsite\node_modules\uws\build\uws.vcxproj]
  c:\users\al\appdata\local\node-gyp\cache\14.16.1\include\node\v8.h(2958): note: Siehe Deklaration von "v8::String" (Quelldatei wird kompiliert ..\src\addon.cpp)
e:\exammaintest\summerexam\theoxbridgewebsite\node_modules\uws\src\http.h(227): error C2065: "kNormalString": nichtdeklarierter Bezeichner (Quelldatei wird kompiliert ..\src\addon.cpp) [E:\ExamMainTest\SummerExam\TheOxbridgeWebsite\node_modules\uws\build\uws.vcxproj]
e:\exammaintest\summerexam\theoxbridgewebsite\node_modules\uws\src\http.h(227): error C2660: "v8::Object::SetInternalField": Funktion akzeptiert keine 1 Argumente (Quelldatei wird kompiliert ..\src\addon.cpp) [E:\ExamMainTest\SummerExam\TheOxbridgeWebsite\node_modules\uws\build\uws.vcxproj]
  c:\users\al\appdata\local\node-gyp\cache\14.16.1\include\node\v8.h(3908): note: Siehe Deklaration von "v8::Object::SetInternalField" (Quelldatei wird kompiliert ..\src\addon.cpp)
e:\exammaintest\summerexam\theoxbridgewebsite\node_modules\uws\src\http.h(230): error C2660: "v8::Function::Call": Funktion akzeptiert keine 3 Argumente (Quelldatei wird kompiliert ..\src\addon.cpp) [E:\ExamMainTest\SummerExam\TheOxbridgeWebsite\node_modules\uws\build\uws.vcxproj]
  c:\users\al\appdata\local\node-gyp\cache\14.16.1\include\node\v8.h(4468): note: Siehe Deklaration von "v8::Function::Call" (Quelldatei wird kompiliert ..\src\addon.cpp)
e:\exammaintest\summerexam\theoxbridgewebsite\node_modules\uws\src\http.h(236): error C2660: "v8::Function::Call": Funktion akzeptiert keine 3 Argumente (Quelldatei wird kompiliert ..\src\addon.cpp) [E:\ExamMainTest\SummerExam\TheOxbridgeWebsite\node_modules\uws\build\uws.vcxproj]
  c:\users\al\appdata\local\node-gyp\cache\14.16.1\include\node\v8.h(4468): note: Siehe Deklaration von "v8::Function::Call" (Quelldatei wird kompiliert ..\src\addon.cpp)
e:\exammaintest\summerexam\theoxbridgewebsite\node_modules\uws\src\http.h(242): error C2660: "v8::Function::Call": Funktion akzeptiert keine 3 Argumente (Quelldatei wird kompiliert ..\src\addon.cpp) [E:\ExamMainTest\SummerExam\TheOxbridgeWebsite\node_modules\uws\build\uws.vcxproj]
  c:\users\al\appdata\local\node-gyp\cache\14.16.1\include\node\v8.h(4468): note: Siehe Deklaration von "v8::Function::Call" (Quelldatei wird kompiliert ..\src\addon.cpp)
e:\exammaintest\summerexam\theoxbridgewebsite\node_modules\uws\src\http.h(235): warning C4996: 'v8::ArrayBuffer::New': Use the version that takes a BackingStore. See http://crbug.com/v8/9908. (Quelldatei wird kompiliert ..\src\addon.cpp) [E:\ExamMainTest\SummerExam\TheOxbridgeWebsite\node_modules\uws\build\uws.vcxproj]
  c:\users\al\appdata\local\node-gyp\cache\14.16.1\include\node\v8.h(5176): note: Siehe Deklaration von "v8::ArrayBuffer::New" (Quelldatei wird kompiliert ..\src\addon.cpp)
e:\exammaintest\summerexam\theoxbridgewebsite\node_modules\uws\src\http.h(265): error C2660: "v8::Function::Call": Funktion akzeptiert keine 3 Argumente (Quelldatei wird kompiliert ..\src\addon.cpp) [E:\ExamMainTest\SummerExam\TheOxbridgeWebsite\node_modules\uws\build\uws.vcxproj]
  c:\users\al\appdata\local\node-gyp\cache\14.16.1\include\node\v8.h(4468): note: Siehe Deklaration von "v8::Function::Call" (Quelldatei wird kompiliert ..\src\addon.cpp)
e:\exammaintest\summerexam\theoxbridgewebsite\node_modules\uws\src\http.h(280): error C2660: "v8::Function::Call": Funktion akzeptiert keine 3 Argumente (Quelldatei wird kompiliert ..\src\addon.cpp) [E:\ExamMainTest\SummerExam\TheOxbridgeWebsite\node_modules\uws\build\uws.vcxproj]
  c:\users\al\appdata\local\node-gyp\cache\14.16.1\include\node\v8.h(4468): note: Siehe Deklaration von "v8::Function::Call" (Quelldatei wird kompiliert ..\src\addon.cpp)
e:\exammaintest\summerexam\theoxbridgewebsite\node_modules\uws\src\http.h(286): error C2660: "v8::Function::Call": Funktion akzeptiert keine 3 Argumente (Quelldatei wird kompiliert ..\src\addon.cpp) [E:\ExamMainTest\SummerExam\TheOxbridgeWebsite\node_modules\uws\build\uws.vcxproj]
  c:\users\al\appdata\local\node-gyp\cache\14.16.1\include\node\v8.h(4468): note: Siehe Deklaration von "v8::Function::Call" (Quelldatei wird kompiliert ..\src\addon.cpp)
e:\exammaintest\summerexam\theoxbridgewebsite\node_modules\uws\src\http.h(279): warning C4996: 'v8::ArrayBuffer::New': Use the version that takes a BackingStore. See http://crbug.com/v8/9908. (Quelldatei wird kompiliert ..\src\addon.cpp) [E:\ExamMainTest\SummerExam\TheOxbridgeWebsite\node_modules\uws\build\uws.vcxproj]
  c:\users\al\appdata\local\node-gyp\cache\14.16.1\include\node\v8.h(5176): note: Siehe Deklaration von "v8::ArrayBuffer::New" (Quelldatei wird kompiliert ..\src\addon.cpp)
e:\exammaintest\summerexam\theoxbridgewebsite\node_modules\uws\src\http.h(293): error C2661: "v8::Function::NewInstance": Keine Åberladene Funktion akzeptiert 0 Argumente (Quelldatei wird kompiliert ..\src\addon.cpp) [E:\ExamMainTest\SummerExam\TheOxbridgeWebsite\node_modules\uws\build\uws.vcxproj]
e:\exammaintest\summerexam\theoxbridgewebsite\node_modules\uws\src\http.h(308): error C2660: "v8::Value::IntegerValue": Funktion akzeptiert keine 0 Argumente (Quelldatei wird kompiliert ..\src\addon.cpp) [E:\ExamMainTest\SummerExam\TheOxbridgeWebsite\node_modules\uws\build\uws.vcxproj]
  c:\users\al\appdata\local\node-gyp\cache\14.16.1\include\node\v8.h(2863): note: Siehe Deklaration von "v8::Value::IntegerValue" (Quelldatei wird kompiliert ..\src\addon.cpp)
e:\exammaintest\summerexam\theoxbridgewebsite\node_modules\uws\src\http.h(311): error C2660: "v8::Function::Call": Funktion akzeptiert keine 3 Argumente (Quelldatei wird kompiliert ..\src\addon.cpp) [E:\ExamMainTest\SummerExam\TheOxbridgeWebsite\node_modules\uws\build\uws.vcxproj]
  c:\users\al\appdata\local\node-gyp\cache\14.16.1\include\node\v8.h(4468): note: Siehe Deklaration von "v8::Function::Call" (Quelldatei wird kompiliert ..\src\addon.cpp)
e:\exammaintest\summerexam\theoxbridgewebsite\node_modules\uws\src\http.h(320): error C2661: "v8::Object::Get": Keine Åberladene Funktion akzeptiert 1 Argumente (Quelldatei wird kompiliert ..\src\addon.cpp) [E:\ExamMainTest\SummerExam\TheOxbridgeWebsite\node_modules\uws\build\uws.vcxproj]
e:\exammaintest\summerexam\theoxbridgewebsite\node_modules\uws\src\http.h(321): error C2661: "v8::Object::Get": Keine Åberladene Funktion akzeptiert 1 Argumente (Quelldatei wird kompiliert ..\src\addon.cpp) [E:\ExamMainTest\SummerExam\TheOxbridgeWebsite\node_modules\uws\build\uws.vcxproj]
e:\exammaintest\summerexam\theoxbridgewebsite\node_modules\uws\src\http.h(327): error C2661: "v8::Function::NewInstance": Keine Åberladene Funktion akzeptiert 0 Argumente (Quelldatei wird kompiliert ..\src\addon.cpp) [E:\ExamMainTest\SummerExam\TheOxbridgeWebsite\node_modules\uws\build\uws.vcxproj]
e:\exammaintest\summerexam\theoxbridgewebsite\node_modules\uws\src\http.h(343): error C2664: "void v8::Template::Set(v8::Isolate *,const char *,v8::Local<v8::Data>)" : Konvertierung von Argument 1 von "v8::MaybeLocal<v8::String>" in "v8::Local<v8::Name>" nicht mîglich (Quelldatei wird kompiliert ..\src\addon.cpp) [E:\ExamMainTest\SummerExam\TheOxbridgeWebsite\node_modules\uws\build\uws.vcxproj]
  e:\exammaintest\summerexam\theoxbridgewebsite\node_modules\uws\src\http.h(343): note: Kein benutzerdefinierter Konvertierungsoperator verfÅgbar, der diese Konvertierung durchfÅhren kann, oder der Operator kann nicht aufgerufen werden (Quelldatei wird kompiliert ..\src\addon.cpp)
e:\exammaintest\summerexam\theoxbridgewebsite\node_modules\uws\src\http.h(344): error C2664: "void v8::Template::Set(v8::Isolate *,const char *,v8::Local<v8::Data>)" : Konvertierung von Argument 1 von "v8::MaybeLocal<v8::String>" in "v8::Local<v8::Name>" nicht mîglich (Quelldatei wird kompiliert ..\src\addon.cpp) [E:\ExamMainTest\SummerExam\TheOxbridgeWebsite\node_modules\uws\build\uws.vcxproj]
  e:\exammaintest\summerexam\theoxbridgewebsite\node_modules\uws\src\http.h(344): note: Kein benutzerdefinierter Konvertierungsoperator verfÅgbar, der diese Konvertierung durchfÅhren kann, oder der Operator kann nicht aufgerufen werden (Quelldatei wird kompiliert ..\src\addon.cpp)
e:\exammaintest\summerexam\theoxbridgewebsite\node_modules\uws\src\http.h(345): error C2664: "void v8::Template::Set(v8::Isolate *,const char *,v8::Local<v8::Data>)" : Konvertierung von Argument 1 von "v8::MaybeLocal<v8::String>" in "v8::Local<v8::Name>" nicht mîglich (Quelldatei wird kompiliert ..\src\addon.cpp) [E:\ExamMainTest\SummerExam\TheOxbridgeWebsite\node_modules\uws\build\uws.vcxproj]
  e:\exammaintest\summerexam\theoxbridgewebsite\node_modules\uws\src\http.h(345): note: Kein benutzerdefinierter Konvertierungsoperator verfÅgbar, der diese Konvertierung durchfÅhren kann, oder der Operator kann nicht aufgerufen werden (Quelldatei wird kompiliert ..\src\addon.cpp)
e:\exammaintest\summerexam\theoxbridgewebsite\node_modules\uws\src\http.h(346): error C2664: "void v8::Template::Set(v8::Isolate *,const char *,v8::Local<v8::Data>)" : Konvertierung von Argument 1 von "v8::MaybeLocal<v8::String>" in "v8::Local<v8::Name>" nicht mîglich (Quelldatei wird kompiliert ..\src\addon.cpp) [E:\ExamMainTest\SummerExam\TheOxbridgeWebsite\node_modules\uws\build\uws.vcxproj]
  e:\exammaintest\summerexam\theoxbridgewebsite\node_modules\uws\src\http.h(346): note: Kein benutzerdefinierter Konvertierungsoperator verfÅgbar, der diese Konvertierung durchfÅhren kann, oder der Operator kann nicht aufgerufen werden (Quelldatei wird kompiliert ..\src\addon.cpp)
e:\exammaintest\summerexam\theoxbridgewebsite\node_modules\uws\src\http.h(347): error C2664: "void v8::Template::Set(v8::Isolate *,const char *,v8::Local<v8::Data>)" : Konvertierung von Argument 1 von "v8::MaybeLocal<v8::String>" in "v8::Local<v8::Name>" nicht mîglich (Quelldatei wird kompiliert ..\src\addon.cpp) [E:\ExamMainTest\SummerExam\TheOxbridgeWebsite\node_modules\uws\build\uws.vcxproj]
  e:\exammaintest\summerexam\theoxbridgewebsite\node_modules\uws\src\http.h(347): note: Kein benutzerdefinierter Konvertierungsoperator verfÅgbar, der diese Konvertierung durchfÅhren kann, oder der Operator kann nicht aufgerufen werden (Quelldatei wird kompiliert ..\src\addon.cpp)
e:\exammaintest\summerexam\theoxbridgewebsite\node_modules\uws\src\http.h(348): error C2664: "void v8::Template::Set(v8::Isolate *,const char *,v8::Local<v8::Data>)" : Konvertierung von Argument 1 von "v8::MaybeLocal<v8::String>" in "v8::Local<v8::Name>" nicht mîglich (Quelldatei wird kompiliert ..\src\addon.cpp) [E:\ExamMainTest\SummerExam\TheOxbridgeWebsite\node_modules\uws\build\uws.vcxproj]
  e:\exammaintest\summerexam\theoxbridgewebsite\node_modules\uws\src\http.h(348): note: Kein benutzerdefinierter Konvertierungsoperator verfÅgbar, der diese Konvertierung durchfÅhren kann, oder der Operator kann nicht aufgerufen werden (Quelldatei wird kompiliert ..\src\addon.cpp)
e:\exammaintest\summerexam\theoxbridgewebsite\node_modules\uws\src\http.h(353): error C2660: "v8::FunctionTemplate::GetFunction": Funktion akzeptiert keine 0 Argumente (Quelldatei wird kompiliert ..\src\addon.cpp) [E:\ExamMainTest\SummerExam\TheOxbridgeWebsite\node_modules\uws\build\uws.vcxproj]
  c:\users\al\appdata\local\node-gyp\cache\14.16.1\include\node\v8.h(6482): note: Siehe Deklaration von "v8::FunctionTemplate::GetFunction" (Quelldatei wird kompiliert ..\src\addon.cpp)
e:\exammaintest\summerexam\theoxbridgewebsite\node_modules\uws\src\addon.cpp(8): error C2661: "v8::Object::Set": Keine Åberladene Funktion akzeptiert 2 Argumente [E:\ExamMainTest\SummerExam\TheOxbridgeWebsite\node_modules\uws\build\uws.vcxproj]
e:\exammaintest\summerexam\theoxbridgewebsite\node_modules\uws\src\addon.cpp(9): error C2661: "v8::Object::Set": Keine Åberladene Funktion akzeptiert 2 Argumente [E:\ExamMainTest\SummerExam\TheOxbridgeWebsite\node_modules\uws\build\uws.vcxproj]
e:\exammaintest\summerexam\theoxbridgewebsite\node_modules\uws\src\addon.cpp(10): error C2661: "v8::Object::Set": Keine Åberladene Funktion akzeptiert 2 Argumente [E:\ExamMainTest\SummerExam\TheOxbridgeWebsite\node_modules\uws\build\uws.vcxproj]
gyp ERR! build error 
gyp ERR! stack Error: `C:\Program Files (x86)\Microsoft Visual Studio\2017\BuildTools\MSBuild\15.0\Bin\MSBuild.exe` failed with exit code: 1
gyp ERR! stack     at ChildProcess.onExit (C:\Program Files (x86)\nodejs\node_modules\npm\node_modules\node-gyp\lib\build.js:194:23)
gyp ERR! stack     at ChildProcess.emit (events.js:315:20)
gyp ERR! stack     at Process.ChildProcess._handle.onexit (internal/child_process.js:277:12)
gyp ERR! System Windows_NT 10.0.19042
gyp ERR! command "C:\\Program Files (x86)\\nodejs\\node.exe" "C:\\Program Files (x86)\\nodejs\\node_modules\\npm\\node_modules\\node-gyp\\bin\\node-gyp.js" "rebuild"
gyp ERR! cwd E:\ExamMainTest\SummerExam\TheOxbridgeWebsite\node_modules\uws
gyp ERR! node -v v14.16.1
gyp ERR! node-gyp -v v5.1.0
gyp ERR! not ok 
